<?xml version="1.0" encoding="UTF-8"?>
<!-- Generated by org.testng.reporters.JUnitReportReporter -->
<testsuite hostname="Ashu" failures="0" tests="6" name="parameterizationparallelserialexecution.Param" time="2.249" errors="0" timestamp="2025-02-23T19:28:42 IST" skipped="0">
  <testcase classname="parameterizationparallelserialexecution.Param" name="logo" time="0.760"/>
  <system-out/>
  <testcase classname="parameterizationparallelserialexecution.Param" name="logo" time="1.424"/>
  <system-out/>
  <testcase classname="parameterizationparallelserialexecution.Param" name="title" time="0.019"/>
  <system-out/>
  <testcase classname="parameterizationparallelserialexecution.Param" name="title" time="0.010"/>
  <system-out/>
  <testcase classname="parameterizationparallelserialexecution.Param" name="url" time="0.018"/>
  <system-out/>
  <testcase classname="parameterizationparallelserialexecution.Param" name="url" time="0.018"/>
  <system-out/>
</testsuite> <!-- parameterizationparallelserialexecution.Param -->
