<?xml version="1.0" encoding="UTF-8"?>
<!-- Generated by org.testng.reporters.JUnitReportReporter -->
<testsuite hostname="Ashu" failures="0" tests="4" name="testng.OrangeHrm_SecondLec" time="13.457" errors="0" timestamp="2025-02-18T21:56:21 IST" skipped="0">
  <testcase classname="testng.OrangeHrm_SecondLec" name="openapp" time="10.202"/>
  <system-out/>
  <testcase classname="testng.OrangeHrm_SecondLec" name="logopresent" time="0.145"/>
  <system-out/>
  <testcase classname="testng.OrangeHrm_SecondLec" name="login" time="1.543"/>
  <system-out/>
  <testcase classname="testng.OrangeHrm_SecondLec" name="logout" time="1.567"/>
  <system-out/>
</testsuite> <!-- testng.OrangeHrm_SecondLec -->
