<?xml version="1.0" encoding="UTF-8"?>
<!-- Generated by org.testng.reporters.JUnitReportReporter -->
<testsuite hostname="Ashu" failures="0" tests="2" name="grouping.Functional" time="0.024" errors="0" timestamp="2025-02-21T22:03:51 IST" skipped="0">
  <testcase classname="grouping.Functional" name="addtocart" time="0.020"/>
  <system-out/>
  <testcase classname="grouping.Functional" name="payment" time="0.004"/>
  <system-out/>
</testsuite> <!-- grouping.Functional -->
