<?xml version="1.0" encoding="UTF-8"?>
<!-- Generated by org.testng.reporters.JUnitReportReporter -->
<testsuite hostname="Ashu" failures="0" tests="2" name="testng.AnnotationsDemo" time="0.013" errors="0" timestamp="2025-02-20T19:24:19 IST" skipped="0">
  <testcase classname="testng.AnnotationsDemo" name="Test2" time="0.002"/>
  <system-out/>
  <testcase classname="testng.AnnotationsDemo" name="Test1" time="0.011"/>
  <system-out/>
</testsuite> <!-- testng.AnnotationsDemo -->
