<?xml version="1.0" encoding="UTF-8"?>
<!-- Generated by org.testng.reporters.JUnitReportReporter -->
<testsuite hostname="Ashu" failures="0" tests="6" name="parameterization.Param" time="2.734" errors="0" timestamp="2025-02-23T19:23:29 IST" skipped="0">
  <testcase classname="parameterization.Param" name="logo" time="1.603"/>
  <system-out/>
  <testcase classname="parameterization.Param" name="logo" time="1.070"/>
  <system-out/>
  <testcase classname="parameterization.Param" name="title" time="0.019"/>
  <system-out/>
  <testcase classname="parameterization.Param" name="title" time="0.014"/>
  <system-out/>
  <testcase classname="parameterization.Param" name="url" time="0.018"/>
  <system-out/>
  <testcase classname="parameterization.Param" name="url" time="0.010"/>
  <system-out/>
</testsuite> <!-- parameterization.Param -->
