<?xml version="1.0" encoding="UTF-8"?>
<!-- Generated by org.testng.reporters.JUnitReportReporter -->
<testsuite hostname="Ashu" failures="0" tests="2" name="grouping.Regression" time="0.012" errors="0" timestamp="2025-02-21T22:06:07 IST" skipped="0">
  <testcase classname="grouping.Regression" name="search" time="0.011"/>
  <system-out/>
  <testcase classname="grouping.Regression" name="adv_search" time="0.001"/>
  <system-out/>
</testsuite> <!-- grouping.Regression -->
