<?xml version="1.0" encoding="UTF-8"?>
<!-- Generated by org.testng.reporters.JUnitReportReporter -->
<testsuite hostname="Ashu" failures="0" tests="3" name="testng.FirstTestCase_FirstLec" time="0.036" errors="0" timestamp="2025-02-18T19:32:51 IST" skipped="0">
  <testcase classname="testng.FirstTestCase_FirstLec" name="openapp" time="0.028"/>
  <system-out/>
  <testcase classname="testng.FirstTestCase_FirstLec" name="login" time="0.004"/>
  <system-out/>
  <testcase classname="testng.FirstTestCase_FirstLec" name="logout" time="0.004"/>
  <system-out/>
</testsuite> <!-- testng.FirstTestCase_FirstLec -->
