<?xml version="1.0" encoding="UTF-8"?>
<!-- Generated by org.testng.reporters.JUnitReportReporter -->
<testsuite hostname="Ashu" failures="0" tests="1" name="pom.OrangeHrmTest" time="5.680" errors="0" timestamp="2025-03-04T18:18:36 IST" skipped="0">
  <testcase classname="pom.OrangeHrmTest" name="test" time="5.680"/>
  <system-out/>
</testsuite> <!-- pom.OrangeHrmTest -->
