<?xml version="1.0" encoding="UTF-8"?>
<!-- Generated by org.testng.reporters.JUnitReportReporter -->
<testsuite hostname="Ashu" failures="0" tests="3" name="grouping.Sanity" time="0.004" errors="0" timestamp="2025-02-21T22:06:07 IST" skipped="0">
  <testcase classname="grouping.Sanity" name="openapp" time="0.003"/>
  <system-out/>
  <testcase classname="grouping.Sanity" name="login" time="0.001"/>
  <system-out/>
  <testcase classname="grouping.Sanity" name="logout" time="0.000"/>
  <system-out/>
</testsuite> <!-- grouping.Sanity -->
