<?xml version="1.0" encoding="UTF-8"?>
<!-- Generated by org.testng.reporters.JUnitReportReporter -->
<testsuite hostname="Ashu" failures="0" tests="1" name="assertion.HardAssertion" time="0.030" errors="0" timestamp="2025-02-20T22:13:08 IST" skipped="0">
  <testcase classname="assertion.HardAssertion" name="hardassertion" time="0.030"/>
  <system-out/>
</testsuite> <!-- assertion.HardAssertion -->
